<?xml version="1.0" encoding="UTF-8"?>
<testsuite xmlns:xsi="http://www.w3.org/2001/XMLSchema-instance" xsi:noNamespaceSchemaLocation="https://maven.apache.org/surefire/maven-surefire-plugin/xsd/surefire-test-report-3.0.xsd" version="3.0" name="com.narriation.library.UserProgressTest" time="0.029" tests="1" errors="1" skipped="0" failures="0">
  <properties>
    <property name="java.specification.version" value="21"/>
    <property name="sun.jnu.encoding" value="UTF-8"/>
    <property name="java.class.path" value="/Users/christian/Documents/school/fa24/csce247/CSCE247-LanguageLearningApp/Narriation/speek/target/test-classes:/Users/christian/Documents/school/fa24/csce247/CSCE247-LanguageLearningApp/Narriation/speek/target/classes:/Users/christian/.m2/repository/junit/junit/4.13.2/junit-4.13.2.jar:/Users/christian/.m2/repository/org/hamcrest/hamcrest-core/1.3/hamcrest-core-1.3.jar:/Users/christian/.m2/repository/com/googlecode/json-simple/json-simple/1.1.1/json-simple-1.1.1.jar:/Users/christian/.m2/repository/javazoom/jlayer/1.0.1/jlayer-1.0.1.jar:/Users/christian/.m2/repository/software/amazon/awssdk/polly/2.27.3/polly-2.27.3.jar:/Users/christian/.m2/repository/software/amazon/awssdk/aws-json-protocol/2.27.3/aws-json-protocol-2.27.3.jar:/Users/christian/.m2/repository/software/amazon/awssdk/third-party-jackson-core/2.27.3/third-party-jackson-core-2.27.3.jar:/Users/christian/.m2/repository/software/amazon/awssdk/protocol-core/2.27.3/protocol-core-2.27.3.jar:/Users/christian/.m2/repository/software/amazon/awssdk/profiles/2.27.3/profiles-2.27.3.jar:/Users/christian/.m2/repository/software/amazon/awssdk/http-auth-aws/2.27.3/http-auth-aws-2.27.3.jar:/Users/christian/.m2/repository/software/amazon/awssdk/checksums-spi/2.27.3/checksums-spi-2.27.3.jar:/Users/christian/.m2/repository/software/amazon/awssdk/checksums/2.27.3/checksums-2.27.3.jar:/Users/christian/.m2/repository/software/amazon/awssdk/sdk-core/2.27.3/sdk-core-2.27.3.jar:/Users/christian/.m2/repository/software/amazon/awssdk/retries/2.27.3/retries-2.27.3.jar:/Users/christian/.m2/repository/org/reactivestreams/reactive-streams/1.0.4/reactive-streams-1.0.4.jar:/Users/christian/.m2/repository/software/amazon/awssdk/auth/2.27.3/auth-2.27.3.jar:/Users/christian/.m2/repository/software/amazon/awssdk/http-auth-aws-eventstream/2.27.3/http-auth-aws-eventstream-2.27.3.jar:/Users/christian/.m2/repository/software/amazon/eventstream/eventstream/1.0.1/eventstream-1.0.1.jar:/Users/christian/.m2/repository/software/amazon/awssdk/http-auth-spi/2.27.3/http-auth-spi-2.27.3.jar:/Users/christian/.m2/repository/software/amazon/awssdk/http-auth/2.27.3/http-auth-2.27.3.jar:/Users/christian/.m2/repository/software/amazon/awssdk/identity-spi/2.27.3/identity-spi-2.27.3.jar:/Users/christian/.m2/repository/software/amazon/awssdk/http-client-spi/2.27.3/http-client-spi-2.27.3.jar:/Users/christian/.m2/repository/software/amazon/awssdk/regions/2.27.3/regions-2.27.3.jar:/Users/christian/.m2/repository/software/amazon/awssdk/annotations/2.27.3/annotations-2.27.3.jar:/Users/christian/.m2/repository/software/amazon/awssdk/utils/2.27.3/utils-2.27.3.jar:/Users/christian/.m2/repository/software/amazon/awssdk/aws-core/2.27.3/aws-core-2.27.3.jar:/Users/christian/.m2/repository/software/amazon/awssdk/metrics-spi/2.27.3/metrics-spi-2.27.3.jar:/Users/christian/.m2/repository/software/amazon/awssdk/json-utils/2.27.3/json-utils-2.27.3.jar:/Users/christian/.m2/repository/software/amazon/awssdk/endpoints-spi/2.27.3/endpoints-spi-2.27.3.jar:/Users/christian/.m2/repository/software/amazon/awssdk/retries-spi/2.27.3/retries-spi-2.27.3.jar:/Users/christian/.m2/repository/software/amazon/awssdk/apache-client/2.27.3/apache-client-2.27.3.jar:/Users/christian/.m2/repository/org/apache/httpcomponents/httpclient/4.5.13/httpclient-4.5.13.jar:/Users/christian/.m2/repository/commons-logging/commons-logging/1.2/commons-logging-1.2.jar:/Users/christian/.m2/repository/org/apache/httpcomponents/httpcore/4.4.16/httpcore-4.4.16.jar:/Users/christian/.m2/repository/commons-codec/commons-codec/1.17.1/commons-codec-1.17.1.jar:/Users/christian/.m2/repository/software/amazon/awssdk/netty-nio-client/2.27.3/netty-nio-client-2.27.3.jar:/Users/christian/.m2/repository/io/netty/netty-codec-http/4.1.112.Final/netty-codec-http-4.1.112.Final.jar:/Users/christian/.m2/repository/io/netty/netty-codec-http2/4.1.112.Final/netty-codec-http2-4.1.112.Final.jar:/Users/christian/.m2/repository/io/netty/netty-codec/4.1.112.Final/netty-codec-4.1.112.Final.jar:/Users/christian/.m2/repository/io/netty/netty-transport/4.1.112.Final/netty-transport-4.1.112.Final.jar:/Users/christian/.m2/repository/io/netty/netty-common/4.1.112.Final/netty-common-4.1.112.Final.jar:/Users/christian/.m2/repository/io/netty/netty-buffer/4.1.112.Final/netty-buffer-4.1.112.Final.jar:/Users/christian/.m2/repository/io/netty/netty-handler/4.1.112.Final/netty-handler-4.1.112.Final.jar:/Users/christian/.m2/repository/io/netty/netty-transport-native-unix-common/4.1.112.Final/netty-transport-native-unix-common-4.1.112.Final.jar:/Users/christian/.m2/repository/io/netty/netty-transport-classes-epoll/4.1.112.Final/netty-transport-classes-epoll-4.1.112.Final.jar:/Users/christian/.m2/repository/io/netty/netty-resolver/4.1.112.Final/netty-resolver-4.1.112.Final.jar:/Users/christian/.m2/repository/org/slf4j/slf4j-api/2.1.0-alpha1/slf4j-api-2.1.0-alpha1.jar:/Users/christian/.m2/repository/org/slf4j/slf4j-simple/2.1.0-alpha1/slf4j-simple-2.1.0-alpha1.jar:/Users/christian/.m2/repository/org/apache/commons/commons-lang3/3.9/commons-lang3-3.9.jar:"/>
    <property name="java.vm.vendor" value="Eclipse Adoptium"/>
    <property name="sun.arch.data.model" value="64"/>
    <property name="java.vendor.url" value="https://adoptium.net/"/>
    <property name="os.name" value="Mac OS X"/>
    <property name="java.vm.specification.version" value="21"/>
    <property name="user.country" value="US"/>
    <property name="sun.java.launcher" value="SUN_STANDARD"/>
    <property name="sun.boot.library.path" value="/Library/Java/JavaVirtualMachines/temurin-21.jdk/Contents/Home/lib"/>
    <property name="sun.java.command" value="/Users/christian/Documents/school/fa24/csce247/CSCE247-LanguageLearningApp/Narriation/speek/target/surefire/surefirebooter-20241106191429635_3.jar /Users/christian/Documents/school/fa24/csce247/CSCE247-LanguageLearningApp/Narriation/speek/target/surefire 2024-11-06T19-14-29_491-jvmRun1 surefire-20241106191429635_1tmp surefire_0-20241106191429635_2tmp"/>
    <property name="http.nonProxyHosts" value="local|*.local|169.254/16|*.169.254/16"/>
    <property name="jdk.debug" value="release"/>
    <property name="test" value="com.narriation.library.UserProgressTest#testValidDisplayHardPhrases"/>
    <property name="surefire.test.class.path" value="/Users/christian/Documents/school/fa24/csce247/CSCE247-LanguageLearningApp/Narriation/speek/target/test-classes:/Users/christian/Documents/school/fa24/csce247/CSCE247-LanguageLearningApp/Narriation/speek/target/classes:/Users/christian/.m2/repository/junit/junit/4.13.2/junit-4.13.2.jar:/Users/christian/.m2/repository/org/hamcrest/hamcrest-core/1.3/hamcrest-core-1.3.jar:/Users/christian/.m2/repository/com/googlecode/json-simple/json-simple/1.1.1/json-simple-1.1.1.jar:/Users/christian/.m2/repository/javazoom/jlayer/1.0.1/jlayer-1.0.1.jar:/Users/christian/.m2/repository/software/amazon/awssdk/polly/2.27.3/polly-2.27.3.jar:/Users/christian/.m2/repository/software/amazon/awssdk/aws-json-protocol/2.27.3/aws-json-protocol-2.27.3.jar:/Users/christian/.m2/repository/software/amazon/awssdk/third-party-jackson-core/2.27.3/third-party-jackson-core-2.27.3.jar:/Users/christian/.m2/repository/software/amazon/awssdk/protocol-core/2.27.3/protocol-core-2.27.3.jar:/Users/christian/.m2/repository/software/amazon/awssdk/profiles/2.27.3/profiles-2.27.3.jar:/Users/christian/.m2/repository/software/amazon/awssdk/http-auth-aws/2.27.3/http-auth-aws-2.27.3.jar:/Users/christian/.m2/repository/software/amazon/awssdk/checksums-spi/2.27.3/checksums-spi-2.27.3.jar:/Users/christian/.m2/repository/software/amazon/awssdk/checksums/2.27.3/checksums-2.27.3.jar:/Users/christian/.m2/repository/software/amazon/awssdk/sdk-core/2.27.3/sdk-core-2.27.3.jar:/Users/christian/.m2/repository/software/amazon/awssdk/retries/2.27.3/retries-2.27.3.jar:/Users/christian/.m2/repository/org/reactivestreams/reactive-streams/1.0.4/reactive-streams-1.0.4.jar:/Users/christian/.m2/repository/software/amazon/awssdk/auth/2.27.3/auth-2.27.3.jar:/Users/christian/.m2/repository/software/amazon/awssdk/http-auth-aws-eventstream/2.27.3/http-auth-aws-eventstream-2.27.3.jar:/Users/christian/.m2/repository/software/amazon/eventstream/eventstream/1.0.1/eventstream-1.0.1.jar:/Users/christian/.m2/repository/software/amazon/awssdk/http-auth-spi/2.27.3/http-auth-spi-2.27.3.jar:/Users/christian/.m2/repository/software/amazon/awssdk/http-auth/2.27.3/http-auth-2.27.3.jar:/Users/christian/.m2/repository/software/amazon/awssdk/identity-spi/2.27.3/identity-spi-2.27.3.jar:/Users/christian/.m2/repository/software/amazon/awssdk/http-client-spi/2.27.3/http-client-spi-2.27.3.jar:/Users/christian/.m2/repository/software/amazon/awssdk/regions/2.27.3/regions-2.27.3.jar:/Users/christian/.m2/repository/software/amazon/awssdk/annotations/2.27.3/annotations-2.27.3.jar:/Users/christian/.m2/repository/software/amazon/awssdk/utils/2.27.3/utils-2.27.3.jar:/Users/christian/.m2/repository/software/amazon/awssdk/aws-core/2.27.3/aws-core-2.27.3.jar:/Users/christian/.m2/repository/software/amazon/awssdk/metrics-spi/2.27.3/metrics-spi-2.27.3.jar:/Users/christian/.m2/repository/software/amazon/awssdk/json-utils/2.27.3/json-utils-2.27.3.jar:/Users/christian/.m2/repository/software/amazon/awssdk/endpoints-spi/2.27.3/endpoints-spi-2.27.3.jar:/Users/christian/.m2/repository/software/amazon/awssdk/retries-spi/2.27.3/retries-spi-2.27.3.jar:/Users/christian/.m2/repository/software/amazon/awssdk/apache-client/2.27.3/apache-client-2.27.3.jar:/Users/christian/.m2/repository/org/apache/httpcomponents/httpclient/4.5.13/httpclient-4.5.13.jar:/Users/christian/.m2/repository/commons-logging/commons-logging/1.2/commons-logging-1.2.jar:/Users/christian/.m2/repository/org/apache/httpcomponents/httpcore/4.4.16/httpcore-4.4.16.jar:/Users/christian/.m2/repository/commons-codec/commons-codec/1.17.1/commons-codec-1.17.1.jar:/Users/christian/.m2/repository/software/amazon/awssdk/netty-nio-client/2.27.3/netty-nio-client-2.27.3.jar:/Users/christian/.m2/repository/io/netty/netty-codec-http/4.1.112.Final/netty-codec-http-4.1.112.Final.jar:/Users/christian/.m2/repository/io/netty/netty-codec-http2/4.1.112.Final/netty-codec-http2-4.1.112.Final.jar:/Users/christian/.m2/repository/io/netty/netty-codec/4.1.112.Final/netty-codec-4.1.112.Final.jar:/Users/christian/.m2/repository/io/netty/netty-transport/4.1.112.Final/netty-transport-4.1.112.Final.jar:/Users/christian/.m2/repository/io/netty/netty-common/4.1.112.Final/netty-common-4.1.112.Final.jar:/Users/christian/.m2/repository/io/netty/netty-buffer/4.1.112.Final/netty-buffer-4.1.112.Final.jar:/Users/christian/.m2/repository/io/netty/netty-handler/4.1.112.Final/netty-handler-4.1.112.Final.jar:/Users/christian/.m2/repository/io/netty/netty-transport-native-unix-common/4.1.112.Final/netty-transport-native-unix-common-4.1.112.Final.jar:/Users/christian/.m2/repository/io/netty/netty-transport-classes-epoll/4.1.112.Final/netty-transport-classes-epoll-4.1.112.Final.jar:/Users/christian/.m2/repository/io/netty/netty-resolver/4.1.112.Final/netty-resolver-4.1.112.Final.jar:/Users/christian/.m2/repository/org/slf4j/slf4j-api/2.1.0-alpha1/slf4j-api-2.1.0-alpha1.jar:/Users/christian/.m2/repository/org/slf4j/slf4j-simple/2.1.0-alpha1/slf4j-simple-2.1.0-alpha1.jar:/Users/christian/.m2/repository/org/apache/commons/commons-lang3/3.9/commons-lang3-3.9.jar:"/>
    <property name="sun.cpu.endian" value="little"/>
    <property name="user.home" value="/Users/christian"/>
    <property name="user.language" value="en"/>
    <property name="java.specification.vendor" value="Oracle Corporation"/>
    <property name="java.version.date" value="2024-04-16"/>
    <property name="java.home" value="/Library/Java/JavaVirtualMachines/temurin-21.jdk/Contents/Home"/>
    <property name="file.separator" value="/"/>
    <property name="basedir" value="/Users/christian/Documents/school/fa24/csce247/CSCE247-LanguageLearningApp/Narriation/speek"/>
    <property name="java.vm.compressedOopsMode" value="Zero based"/>
    <property name="line.separator" value="&#10;"/>
    <property name="java.vm.specification.vendor" value="Oracle Corporation"/>
    <property name="java.specification.name" value="Java Platform API Specification"/>
    <property name="apple.awt.application.name" value="ForkedBooter"/>
    <property name="surefire.real.class.path" value="/Users/christian/Documents/school/fa24/csce247/CSCE247-LanguageLearningApp/Narriation/speek/target/surefire/surefirebooter-20241106191429635_3.jar"/>
    <property name="sun.management.compiler" value="HotSpot 64-Bit Tiered Compilers"/>
    <property name="ftp.nonProxyHosts" value="local|*.local|169.254/16|*.169.254/16"/>
    <property name="java.runtime.version" value="21.0.3+9-LTS"/>
    <property name="user.name" value="christian"/>
    <property name="stdout.encoding" value="UTF-8"/>
    <property name="path.separator" value=":"/>
    <property name="os.version" value="15.1"/>
    <property name="java.runtime.name" value="OpenJDK Runtime Environment"/>
    <property name="file.encoding" value="UTF-8"/>
    <property name="java.vm.name" value="OpenJDK 64-Bit Server VM"/>
    <property name="java.vendor.version" value="Temurin-21.0.3+9"/>
    <property name="maven.ext.class.path" value="/Users/christian/.vscode/extensions/oracle.oracle-java-23.0.0/nbcode/java/maven-nblib/netbeans-eventspy.jar"/>
    <property name="localRepository" value="/Users/christian/.m2/repository"/>
    <property name="java.vendor.url.bug" value="https://github.com/adoptium/adoptium-support/issues"/>
    <property name="java.io.tmpdir" value="/var/folders/kv/j2pxckvs7mg84pssqvmxsp_40000gn/T/"/>
    <property name="java.version" value="21.0.3"/>
    <property name="user.dir" value="/Users/christian/Documents/school/fa24/csce247/CSCE247-LanguageLearningApp/Narriation/speek"/>
    <property name="os.arch" value="aarch64"/>
    <property name="java.vm.specification.name" value="Java Virtual Machine Specification"/>
    <property name="native.encoding" value="UTF-8"/>
    <property name="java.library.path" value="/Users/christian/Library/Java/Extensions:/Library/Java/Extensions:/Network/Library/Java/Extensions:/System/Library/Java/Extensions:/usr/lib/java:."/>
    <property name="java.vm.info" value="mixed mode"/>
    <property name="stderr.encoding" value="UTF-8"/>
    <property name="java.vendor" value="Eclipse Adoptium"/>
    <property name="java.vm.version" value="21.0.3+9-LTS"/>
    <property name="sun.io.unicode.encoding" value="UnicodeBig"/>
    <property name="socksNonProxyHosts" value="local|*.local|169.254/16|*.169.254/16"/>
    <property name="java.class.version" value="65.0"/>
  </properties>
  <testcase name="testValidDisplayHardPhrases" classname="com.narriation.library.UserProgressTest" time="0.007">
    <error message="Index 0 out of bounds for length 0" type="java.lang.IndexOutOfBoundsException"><![CDATA[java.lang.IndexOutOfBoundsException: Index 0 out of bounds for length 0
	at java.base/jdk.internal.util.Preconditions.outOfBounds(Preconditions.java:100)
	at java.base/jdk.internal.util.Preconditions.outOfBoundsCheckIndex(Preconditions.java:106)
	at java.base/jdk.internal.util.Preconditions.checkIndex(Preconditions.java:302)
	at java.base/java.util.Objects.checkIndex(Objects.java:385)
	at java.base/java.util.ArrayList.get(ArrayList.java:427)
	at com.narriation.library.UserProgressTest.<init>(UserProgressTest.java:22)
	at java.base/jdk.internal.reflect.DirectConstructorHandleAccessor.newInstance(DirectConstructorHandleAccessor.java:62)
	at java.base/java.lang.reflect.Constructor.newInstanceWithCaller(Constructor.java:502)
	at java.base/java.lang.reflect.Constructor.newInstance(Constructor.java:486)
	at org.junit.runners.BlockJUnit4ClassRunner.createTest(BlockJUnit4ClassRunner.java:250)
	at org.junit.runners.BlockJUnit4ClassRunner.createTest(BlockJUnit4ClassRunner.java:260)
	at org.junit.runners.BlockJUnit4ClassRunner$2.runReflectiveCall(BlockJUnit4ClassRunner.java:309)
	at org.junit.internal.runners.model.ReflectiveCallable.run(ReflectiveCallable.java:12)
	at org.junit.runners.BlockJUnit4ClassRunner.methodBlock(BlockJUnit4ClassRunner.java:306)
	at org.junit.runners.BlockJUnit4ClassRunner$1.evaluate(BlockJUnit4ClassRunner.java:100)
	at org.junit.runners.ParentRunner.runLeaf(ParentRunner.java:366)
	at org.junit.runners.BlockJUnit4ClassRunner.runChild(BlockJUnit4ClassRunner.java:103)
	at org.junit.runners.BlockJUnit4ClassRunner.runChild(BlockJUnit4ClassRunner.java:63)
	at org.junit.runners.ParentRunner$4.run(ParentRunner.java:331)
	at org.junit.runners.ParentRunner$1.schedule(ParentRunner.java:79)
	at org.junit.runners.ParentRunner.runChildren(ParentRunner.java:329)
	at org.junit.runners.ParentRunner.access$100(ParentRunner.java:66)
	at org.junit.runners.ParentRunner$2.evaluate(ParentRunner.java:293)
	at org.junit.internal.runners.statements.RunBefores.evaluate(RunBefores.java:26)
	at org.junit.runners.ParentRunner$3.evaluate(ParentRunner.java:306)
	at org.junit.runners.ParentRunner.run(ParentRunner.java:413)
	at org.apache.maven.surefire.junit4.JUnit4Provider.execute(JUnit4Provider.java:316)
	at org.apache.maven.surefire.junit4.JUnit4Provider.executeWithRerun(JUnit4Provider.java:240)
	at org.apache.maven.surefire.junit4.JUnit4Provider.executeTestSet(JUnit4Provider.java:214)
	at org.apache.maven.surefire.junit4.JUnit4Provider.invoke(JUnit4Provider.java:155)
	at org.apache.maven.surefire.booter.ForkedBooter.runSuitesInProcess(ForkedBooter.java:385)
	at org.apache.maven.surefire.booter.ForkedBooter.execute(ForkedBooter.java:162)
	at org.apache.maven.surefire.booter.ForkedBooter.run(ForkedBooter.java:507)
	at org.apache.maven.surefire.booter.ForkedBooter.main(ForkedBooter.java:495)
]]></error>
    <system-out><![CDATA[Can't load
]]></system-out>
    <system-err><![CDATA[java.lang.NullPointerException: Cannot invoke "java.io.Reader.read(char[], int, int)" because "this.zzReader" is null
	at org.json.simple.parser.Yylex.zzRefill(Yylex.java:345)
	at org.json.simple.parser.Yylex.yylex(Yylex.java:541)
	at org.json.simple.parser.JSONParser.nextToken(JSONParser.java:269)
	at org.json.simple.parser.JSONParser.parse(JSONParser.java:118)
	at org.json.simple.parser.JSONParser.parse(JSONParser.java:92)
	at com.narriation.DataLoader.getLanguages(DataLoader.java:32)
	at com.narriation.library.UserProgressTest.<init>(UserProgressTest.java:21)
	at java.base/jdk.internal.reflect.DirectConstructorHandleAccessor.newInstance(DirectConstructorHandleAccessor.java:62)
	at java.base/java.lang.reflect.Constructor.newInstanceWithCaller(Constructor.java:502)
	at java.base/java.lang.reflect.Constructor.newInstance(Constructor.java:486)
	at org.junit.runners.BlockJUnit4ClassRunner.createTest(BlockJUnit4ClassRunner.java:250)
	at org.junit.runners.BlockJUnit4ClassRunner.createTest(BlockJUnit4ClassRunner.java:260)
	at org.junit.runners.BlockJUnit4ClassRunner$2.runReflectiveCall(BlockJUnit4ClassRunner.java:309)
	at org.junit.internal.runners.model.ReflectiveCallable.run(ReflectiveCallable.java:12)
	at org.junit.runners.BlockJUnit4ClassRunner.methodBlock(BlockJUnit4ClassRunner.java:306)
	at org.junit.runners.BlockJUnit4ClassRunner$1.evaluate(BlockJUnit4ClassRunner.java:100)
	at org.junit.runners.ParentRunner.runLeaf(ParentRunner.java:366)
	at org.junit.runners.BlockJUnit4ClassRunner.runChild(BlockJUnit4ClassRunner.java:103)
	at org.junit.runners.BlockJUnit4ClassRunner.runChild(BlockJUnit4ClassRunner.java:63)
	at org.junit.runners.ParentRunner$4.run(ParentRunner.java:331)
	at org.junit.runners.ParentRunner$1.schedule(ParentRunner.java:79)
	at org.junit.runners.ParentRunner.runChildren(ParentRunner.java:329)
	at org.junit.runners.ParentRunner.access$100(ParentRunner.java:66)
	at org.junit.runners.ParentRunner$2.evaluate(ParentRunner.java:293)
	at org.junit.internal.runners.statements.RunBefores.evaluate(RunBefores.java:26)
	at org.junit.runners.ParentRunner$3.evaluate(ParentRunner.java:306)
	at org.junit.runners.ParentRunner.run(ParentRunner.java:413)
	at org.apache.maven.surefire.junit4.JUnit4Provider.execute(JUnit4Provider.java:316)
	at org.apache.maven.surefire.junit4.JUnit4Provider.executeWithRerun(JUnit4Provider.java:240)
	at org.apache.maven.surefire.junit4.JUnit4Provider.executeTestSet(JUnit4Provider.java:214)
	at org.apache.maven.surefire.junit4.JUnit4Provider.invoke(JUnit4Provider.java:155)
	at org.apache.maven.surefire.booter.ForkedBooter.runSuitesInProcess(ForkedBooter.java:385)
	at org.apache.maven.surefire.booter.ForkedBooter.execute(ForkedBooter.java:162)
	at org.apache.maven.surefire.booter.ForkedBooter.run(ForkedBooter.java:507)
	at org.apache.maven.surefire.booter.ForkedBooter.main(ForkedBooter.java:495)
]]></system-err>
  </testcase>
</testsuite>